<?xml version="1.0" encoding="UTF-8"?>
<testsuite xmlns:xsi="http://www.w3.org/2001/XMLSchema-instance" xsi:schemaLocation="https://maven.apache.org/surefire/maven-surefire-plugin/xsd/surefire-test-report.xsd" name="| TEST_DATA | KIF | DS2 | srivastavag | SI | DS2 | RC | DS4 | DS5 | DS6 | RU | DS2 | RUINSERT | TEST_DEAL_01 | RateCardData | PnLData |" time="0" tests="2" errors="0" skipped="1" failures="0">
  <properties>
[...]
</properties>
  <testcase name="Given Workbook &quot;TEST_DATA&quot; Sheet &quot;KIF&quot; and DataSet &quot;DS2&quot;" classname="| TEST_DATA | KIF | DS2 | srivastavag | SI | DS2 | RC | DS4 | DS5 | DS6 | RU | DS2 | RUINSERT | TEST_DEAL_01 | RateCardData | PnLData |" time="0">
    <skipped/>
    <system-out><![CDATA[Feature: Basic Deal Creation with all mandatory fields
  This Feature cover basic deal creation having all mandatory fields and perform basic field validation
  All scenarios are data driver from excel. Browser and URL are also from data table. SPOC variable parameter in user story

  @run
  Scenario Outline: Basic deal creation without rebadge tab and all mandatory fields and validation                             # Feature/01Basic_Deal_Creation.feature:56
    Given Workbook "<Workbook>" Sheet "<SheetKIF>" and DataSet "<DatasetKIF>"
    Given Browser name and navigate to Url
    When Click New Deal button
    Then Navigates to KIF page
    And Enter KIF page fields as per DataSet "<DatasetKIF>"
    When Click save button
    Then Deal Number Successfully Created
    When Click the SPOC button
    Then Enter SPOC details "<SPOC>"
    And Click save button on SPOC selection page
    Then verify SPOC Allocation section populated
    When click Next button on KIF page
    Then Navigates to SI page
    Given Workbook "<Workbook>" Sheet "<SheetSI>" and DataSet "<DatasetSI>"
    And Enter basic SI page fields
    And Enter KT fields in SI page
    And Enter Additiona Expense fields in SI page
    And Enter Effort Overrun Contingencies fields in SI page
    When Click save and move to Role Creation button
    Then Navigates to Role Creation page
    And Add Customer Role as per Datset "<DatasetRC1>" from Workbook "<Workbook>" and Sheet "<SheetRC>"
    And Add Customer Role as per Datset "<DatasetRC2>" from Workbook "<Workbook>" and Sheet "<SheetRC>"
    And Add Customer Role as per Datset "<DatasetRC3>" from Workbook "<Workbook>" and Sheet "<SheetRC>"
    When Click Rampup button
    Then Navigates to Ramp Up page
    And Insert number of rows for multiple ramp up as per Datset "<DatasetRU>" from Workbook "<Workbook>" and Sheet "<SheetRU>"
    And Enter details of ramp up in Insert Ramp Up window from Workbook "<Workbook>" and Sheet "<SheetRUINSERT>"
    When Click Insert on Ramp Up window
    Then Ramp up rows get saved and reflected on UI
    When Click Next button on Ramp Up page
    Then Navigates to Rate Card page
    And Validate Rate Card Table Data For Given Workbook "<WorkbookDeal>" and Sheet "<SheetRateCard>"
    When Click Next button on Rate Card page
    Then Navigates to PnL page
    And Validate PnL Table Data For Given Workbook "<WorkbookDeal>" and Sheet "<SheetPnL>"

    Examples: 
]]></system-out>
  </testcase>
  <testcase name="Given Browser name and navigate to Url" classname="| TEST_DATA | KIF | DS2 | srivastavag | SI | DS2 | RC | DS4 | DS5 | DS6 | RU | DS2 | RUINSERT | TEST_DEAL_01 | RateCardData | PnLData |" time="0">
    <skipped/>
  </testcase>
  <testcase name="When Click New Deal button" classname="| TEST_DATA | KIF | DS2 | srivastavag | SI | DS2 | RC | DS4 | DS5 | DS6 | RU | DS2 | RUINSERT | TEST_DEAL_01 | RateCardData | PnLData |" time="0">
    <skipped/>
  </testcase>
  <testcase name="Then Navigates to KIF page" classname="| TEST_DATA | KIF | DS2 | srivastavag | SI | DS2 | RC | DS4 | DS5 | DS6 | RU | DS2 | RUINSERT | TEST_DEAL_01 | RateCardData | PnLData |" time="0">
    <skipped/>
  </testcase>
  <testcase name="And Enter KIF page fields as per DataSet &quot;DS2&quot;" classname="| TEST_DATA | KIF | DS2 | srivastavag | SI | DS2 | RC | DS4 | DS5 | DS6 | RU | DS2 | RUINSERT | TEST_DEAL_01 | RateCardData | PnLData |" time="0">
    <skipped/>
  </testcase>
  <testcase name="When Click save button" classname="| TEST_DATA | KIF | DS2 | srivastavag | SI | DS2 | RC | DS4 | DS5 | DS6 | RU | DS2 | RUINSERT | TEST_DEAL_01 | RateCardData | PnLData |" time="0">
    <skipped/>
  </testcase>
  <testcase name="Then Deal Number Successfully Created" classname="| TEST_DATA | KIF | DS2 | srivastavag | SI | DS2 | RC | DS4 | DS5 | DS6 | RU | DS2 | RUINSERT | TEST_DEAL_01 | RateCardData | PnLData |" time="0">
    <skipped/>
  </testcase>
  <testcase name="When Click the SPOC button" classname="| TEST_DATA | KIF | DS2 | srivastavag | SI | DS2 | RC | DS4 | DS5 | DS6 | RU | DS2 | RUINSERT | TEST_DEAL_01 | RateCardData | PnLData |" time="0">
    <skipped/>
  </testcase>
  <testcase name="Then Enter SPOC details &quot;srivastavag&quot;" classname="| TEST_DATA | KIF | DS2 | srivastavag | SI | DS2 | RC | DS4 | DS5 | DS6 | RU | DS2 | RUINSERT | TEST_DEAL_01 | RateCardData | PnLData |" time="0">
    <skipped/>
  </testcase>
  <testcase name="And Click save button on SPOC selection page" classname="| TEST_DATA | KIF | DS2 | srivastavag | SI | DS2 | RC | DS4 | DS5 | DS6 | RU | DS2 | RUINSERT | TEST_DEAL_01 | RateCardData | PnLData |" time="0">
    <skipped/>
  </testcase>
  <testcase name="Then verify SPOC Allocation section populated" classname="| TEST_DATA | KIF | DS2 | srivastavag | SI | DS2 | RC | DS4 | DS5 | DS6 | RU | DS2 | RUINSERT | TEST_DEAL_01 | RateCardData | PnLData |" time="0">
    <skipped/>
  </testcase>
  <testcase name="When click Next button on KIF page" classname="| TEST_DATA | KIF | DS2 | srivastavag | SI | DS2 | RC | DS4 | DS5 | DS6 | RU | DS2 | RUINSERT | TEST_DEAL_01 | RateCardData | PnLData |" time="0">
    <skipped/>
  </testcase>
  <testcase name="Then Navigates to SI page" classname="| TEST_DATA | KIF | DS2 | srivastavag | SI | DS2 | RC | DS4 | DS5 | DS6 | RU | DS2 | RUINSERT | TEST_DEAL_01 | RateCardData | PnLData |" time="0">
    <skipped/>
  </testcase>
  <testcase name="Given Workbook &quot;TEST_DATA&quot; Sheet &quot;SI&quot; and DataSet &quot;DS2&quot;" classname="| TEST_DATA | KIF | DS2 | srivastavag | SI | DS2 | RC | DS4 | DS5 | DS6 | RU | DS2 | RUINSERT | TEST_DEAL_01 | RateCardData | PnLData |" time="0">
    <skipped/>
  </testcase>
  <testcase name="And Enter basic SI page fields" classname="| TEST_DATA | KIF | DS2 | srivastavag | SI | DS2 | RC | DS4 | DS5 | DS6 | RU | DS2 | RUINSERT | TEST_DEAL_01 | RateCardData | PnLData |" time="0">
    <skipped/>
  </testcase>
  <testcase name="And Enter KT fields in SI page" classname="| TEST_DATA | KIF | DS2 | srivastavag | SI | DS2 | RC | DS4 | DS5 | DS6 | RU | DS2 | RUINSERT | TEST_DEAL_01 | RateCardData | PnLData |" time="0">
    <skipped/>
  </testcase>
  <testcase name="And Enter Additiona Expense fields in SI page" classname="| TEST_DATA | KIF | DS2 | srivastavag | SI | DS2 | RC | DS4 | DS5 | DS6 | RU | DS2 | RUINSERT | TEST_DEAL_01 | RateCardData | PnLData |" time="0">
    <skipped/>
  </testcase>
  <testcase name="And Enter Effort Overrun Contingencies fields in SI page" classname="| TEST_DATA | KIF | DS2 | srivastavag | SI | DS2 | RC | DS4 | DS5 | DS6 | RU | DS2 | RUINSERT | TEST_DEAL_01 | RateCardData | PnLData |" time="0">
    <skipped/>
  </testcase>
  <testcase name="When Click save and move to Role Creation button" classname="| TEST_DATA | KIF | DS2 | srivastavag | SI | DS2 | RC | DS4 | DS5 | DS6 | RU | DS2 | RUINSERT | TEST_DEAL_01 | RateCardData | PnLData |" time="0">
    <skipped/>
  </testcase>
  <testcase name="Then Navigates to Role Creation page" classname="| TEST_DATA | KIF | DS2 | srivastavag | SI | DS2 | RC | DS4 | DS5 | DS6 | RU | DS2 | RUINSERT | TEST_DEAL_01 | RateCardData | PnLData |" time="0">
    <skipped/>
  </testcase>
  <testcase name="And Add Customer Role as per Datset &quot;DS4&quot; from Workbook &quot;TEST_DATA&quot; and Sheet &quot;RC&quot;" classname="| TEST_DATA | KIF | DS2 | srivastavag | SI | DS2 | RC | DS4 | DS5 | DS6 | RU | DS2 | RUINSERT | TEST_DEAL_01 | RateCardData | PnLData |" time="0">
    <skipped/>
  </testcase>
  <testcase name="And Add Customer Role as per Datset &quot;DS5&quot; from Workbook &quot;TEST_DATA&quot; and Sheet &quot;RC&quot;" classname="| TEST_DATA | KIF | DS2 | srivastavag | SI | DS2 | RC | DS4 | DS5 | DS6 | RU | DS2 | RUINSERT | TEST_DEAL_01 | RateCardData | PnLData |" time="0">
    <skipped/>
  </testcase>
  <testcase name="And Add Customer Role as per Datset &quot;DS6&quot; from Workbook &quot;TEST_DATA&quot; and Sheet &quot;RC&quot;" classname="| TEST_DATA | KIF | DS2 | srivastavag | SI | DS2 | RC | DS4 | DS5 | DS6 | RU | DS2 | RUINSERT | TEST_DEAL_01 | RateCardData | PnLData |" time="0">
    <skipped/>
  </testcase>
  <testcase name="When Click Rampup button" classname="| TEST_DATA | KIF | DS2 | srivastavag | SI | DS2 | RC | DS4 | DS5 | DS6 | RU | DS2 | RUINSERT | TEST_DEAL_01 | RateCardData | PnLData |" time="0">
    <skipped/>
  </testcase>
  <testcase name="Then Navigates to Ramp Up page" classname="| TEST_DATA | KIF | DS2 | srivastavag | SI | DS2 | RC | DS4 | DS5 | DS6 | RU | DS2 | RUINSERT | TEST_DEAL_01 | RateCardData | PnLData |" time="0">
    <skipped/>
  </testcase>
  <testcase name="And Insert number of rows for multiple ramp up as per Datset &quot;DS2&quot; from Workbook &quot;TEST_DATA&quot; and Sheet &quot;RU&quot;" classname="| TEST_DATA | KIF | DS2 | srivastavag | SI | DS2 | RC | DS4 | DS5 | DS6 | RU | DS2 | RUINSERT | TEST_DEAL_01 | RateCardData | PnLData |" time="0">
    <skipped/>
  </testcase>
  <testcase name="And Enter details of ramp up in Insert Ramp Up window from Workbook &quot;TEST_DATA&quot; and Sheet &quot;RUINSERT&quot;" classname="| TEST_DATA | KIF | DS2 | srivastavag | SI | DS2 | RC | DS4 | DS5 | DS6 | RU | DS2 | RUINSERT | TEST_DEAL_01 | RateCardData | PnLData |" time="0">
    <skipped/>
  </testcase>
  <testcase name="When Click Insert on Ramp Up window" classname="| TEST_DATA | KIF | DS2 | srivastavag | SI | DS2 | RC | DS4 | DS5 | DS6 | RU | DS2 | RUINSERT | TEST_DEAL_01 | RateCardData | PnLData |" time="0">
    <skipped/>
  </testcase>
  <testcase name="Then Ramp up rows get saved and reflected on UI" classname="| TEST_DATA | KIF | DS2 | srivastavag | SI | DS2 | RC | DS4 | DS5 | DS6 | RU | DS2 | RUINSERT | TEST_DEAL_01 | RateCardData | PnLData |" time="0">
    <skipped/>
  </testcase>
  <testcase name="When Click Next button on Ramp Up page" classname="| TEST_DATA | KIF | DS2 | srivastavag | SI | DS2 | RC | DS4 | DS5 | DS6 | RU | DS2 | RUINSERT | TEST_DEAL_01 | RateCardData | PnLData |" time="0">
    <skipped/>
  </testcase>
  <testcase name="Then Navigates to Rate Card page" classname="| TEST_DATA | KIF | DS2 | srivastavag | SI | DS2 | RC | DS4 | DS5 | DS6 | RU | DS2 | RUINSERT | TEST_DEAL_01 | RateCardData | PnLData |" time="0">
    <skipped/>
  </testcase>
  <testcase name="And Validate Rate Card Table Data For Given Workbook &quot;TEST_DEAL_01&quot; and Sheet &quot;RateCardData&quot;" classname="| TEST_DATA | KIF | DS2 | srivastavag | SI | DS2 | RC | DS4 | DS5 | DS6 | RU | DS2 | RUINSERT | TEST_DEAL_01 | RateCardData | PnLData |" time="0">
    <skipped/>
  </testcase>
  <testcase name="When Click Next button on Rate Card page" classname="| TEST_DATA | KIF | DS2 | srivastavag | SI | DS2 | RC | DS4 | DS5 | DS6 | RU | DS2 | RUINSERT | TEST_DEAL_01 | RateCardData | PnLData |" time="0">
    <skipped/>
  </testcase>
  <testcase name="Then Navigates to PnL page" classname="| TEST_DATA | KIF | DS2 | srivastavag | SI | DS2 | RC | DS4 | DS5 | DS6 | RU | DS2 | RUINSERT | TEST_DEAL_01 | RateCardData | PnLData |" time="0">
    <skipped/>
  </testcase>
  <testcase name="And Validate PnL Table Data For Given Workbook &quot;TEST_DEAL_01&quot; and Sheet &quot;PnLData&quot;" classname="| TEST_DATA | KIF | DS2 | srivastavag | SI | DS2 | RC | DS4 | DS5 | DS6 | RU | DS2 | RUINSERT | TEST_DEAL_01 | RateCardData | PnLData |" time="0">
    <skipped/>
  </testcase>
  <testcase name="| TEST_DATA | KIF | DS2 | srivastavag | SI | DS2 | RC | DS4 | DS5 | DS6 | RU | DS2 | RUINSERT | TEST_DEAL_01 | RateCardData | PnLData |" classname="| TEST_DATA | KIF | DS2 | srivastavag | SI | DS2 | RC | DS4 | DS5 | DS6 | RU | DS2 | RUINSERT | TEST_DEAL_01 | RateCardData | PnLData |" time="0">
    <skipped/>
  </testcase>
  <testcase name="| TEST_DATA | KIF | DS2 | srivastavag | SI | DS2 | RC | DS4 | DS5 | DS6 | RU | DS2 | RUINSERT | TEST_DEAL_01 | RateCardData | PnLData |" classname="| TEST_DATA | KIF | DS2 | srivastavag | SI | DS2 | RC | DS4 | DS5 | DS6 | RU | DS2 | RUINSERT | TEST_DEAL_01 | RateCardData | PnLData |" time="0"/>
</testsuite>